<?xml version="1.0" encoding="UTF-8"?>
<!-- Generated by org.testng.reporters.JUnitXMLReporter -->
<testsuite ignored="0" hostname="DESKTOP-CNHSPHG" failures="1" tests="8" name="Functional Testing" time="7.958" errors="0" timestamp="2022-01-26T02:59:05 IST">
  <testcase classname="TestNG.GroupTestDemo" name="Test3" time="0.007"/>
  <testcase classname="TestNG.GroupTestDemo" name="Test4" time="0.003"/>
  <testcase classname="TestNG.GroupTestDemo" name="Test1" time="0.002"/>
  <testcase classname="TestNG.GroupTestDemo" name="Test2" time="0.002"/>
  <testcase classname="TestNG.VerifyTitle" name="titleVerification" time="4.591">
    <failure type="java.lang.AssertionError" message="The following asserts failed:
	Title verification failed expected [Electronics,  Fashion, Collectibles &amp;amp; More | eBay] but found [Electronics, Cars, Fashion, Collectibles &amp;amp; More | eBay]">
      <![CDATA[java.lang.AssertionError: The following asserts failed:
Title verification failed expected [Electronics,  Fashion, Collectibles & More | eBay] but found [Electronics, Cars, Fashion, Collectibles & More | eBay]
at TestNG.VerifyTitle.titleVerification(VerifyTitle.java:37)
at java.base/java.util.ArrayList.forEach(ArrayList.java:1511)
... Removed 30 stack frames]]>
    </failure>
  </testcase> <!-- titleVerification -->
  <testcase classname="TestNG.LoginTest" name="test1" time="0.002"/>
  <testcase classname="TestNG.LoginTest" name="test2" time="0.001"/>
  <testcase classname="TestNG.VerifyTitleandText" name="titleVerification" time="3.267"/>
</testsuite> <!-- Functional Testing -->
